1728329245.197543 client started (19514): version 3.4, socket /tmp/tmux-4272362/default, protocol 8
1728329245.197570 on Linux 5.10.226-192.879.amzn2int.x86_64 #1 SMP Tue Sep 24 01:43:06 UTC 2024
1728329245.197576 using libevent 2.1.12-stable poll
1728329245.197585 using utf8proc 2.9.0
1728329245.197589 using ncurses 6.5 20240427
1728329245.197611 flags are 0x10010000
1728329245.197616 socket is /tmp/tmux-4272362/default
1728329245.197627 trying connect
1728329245.197683 add peer 0x5563eaff2940: 6 ((nil))
1728329245.198002 sending message 100 to peer 0x5563eaff2940 (4 bytes)
1728329245.198010 sending message 111 to peer 0x5563eaff2940 (8 bytes)
1728329245.198015 sending message 101 to peer 0x5563eaff2940 (15 bytes)
1728329245.198019 sending message 109 to peer 0x5563eaff2940 (4 bytes)
1728329245.198024 sending message 102 to peer 0x5563eaff2940 (11 bytes)
1728329245.198028 sending message 108 to peer 0x5563eaff2940 (34 bytes)
1728329245.198032 sending message 112 to peer 0x5563eaff2940 (58 bytes)
1728329245.198036 sending message 112 to peer 0x5563eaff2940 (5 bytes)
1728329245.198040 sending message 112 to peer 0x5563eaff2940 (5 bytes)
1728329245.198044 sending message 112 to peer 0x5563eaff2940 (6 bytes)
1728329245.198048 sending message 112 to peer 0x5563eaff2940 (6 bytes)
1728329245.198052 sending message 112 to peer 0x5563eaff2940 (11 bytes)
1728329245.198056 sending message 112 to peer 0x5563eaff2940 (10 bytes)
1728329245.198060 sending message 112 to peer 0x5563eaff2940 (13 bytes)
1728329245.198064 sending message 112 to peer 0x5563eaff2940 (14 bytes)
1728329245.198067 sending message 112 to peer 0x5563eaff2940 (19 bytes)
1728329245.198071 sending message 112 to peer 0x5563eaff2940 (11 bytes)
1728329245.198075 sending message 112 to peer 0x5563eaff2940 (10 bytes)
1728329245.198079 sending message 112 to peer 0x5563eaff2940 (15 bytes)
1728329245.198083 sending message 112 to peer 0x5563eaff2940 (21 bytes)
1728329245.198087 sending message 112 to peer 0x5563eaff2940 (13 bytes)
1728329245.198091 sending message 112 to peer 0x5563eaff2940 (7 bytes)
1728329245.198095 sending message 112 to peer 0x5563eaff2940 (13 bytes)
1728329245.198099 sending message 112 to peer 0x5563eaff2940 (7 bytes)
1728329245.198103 sending message 112 to peer 0x5563eaff2940 (13 bytes)
1728329245.198106 sending message 112 to peer 0x5563eaff2940 (9 bytes)
1728329245.198110 sending message 112 to peer 0x5563eaff2940 (21 bytes)
1728329245.198114 sending message 112 to peer 0x5563eaff2940 (13 bytes)
1728329245.198118 sending message 112 to peer 0x5563eaff2940 (9 bytes)
1728329245.198122 sending message 112 to peer 0x5563eaff2940 (16 bytes)
1728329245.198126 sending message 112 to peer 0x5563eaff2940 (13 bytes)
1728329245.198130 sending message 112 to peer 0x5563eaff2940 (9 bytes)
1728329245.198134 sending message 112 to peer 0x5563eaff2940 (9 bytes)
1728329245.198137 sending message 112 to peer 0x5563eaff2940 (12 bytes)
1728329245.198141 sending message 112 to peer 0x5563eaff2940 (8 bytes)
1728329245.198145 sending message 112 to peer 0x5563eaff2940 (8 bytes)
1728329245.198149 sending message 112 to peer 0x5563eaff2940 (13 bytes)
1728329245.198153 sending message 112 to peer 0x5563eaff2940 (7 bytes)
1728329245.198157 sending message 112 to peer 0x5563eaff2940 (7 bytes)
1728329245.198161 sending message 112 to peer 0x5563eaff2940 (9 bytes)
1728329245.198165 sending message 112 to peer 0x5563eaff2940 (9 bytes)
1728329245.198169 sending message 112 to peer 0x5563eaff2940 (15 bytes)
1728329245.198172 sending message 112 to peer 0x5563eaff2940 (13 bytes)
1728329245.198176 sending message 112 to peer 0x5563eaff2940 (12 bytes)
1728329245.198180 sending message 112 to peer 0x5563eaff2940 (8 bytes)
1728329245.198184 sending message 112 to peer 0x5563eaff2940 (14 bytes)
1728329245.198188 sending message 112 to peer 0x5563eaff2940 (11 bytes)
1728329245.198192 sending message 112 to peer 0x5563eaff2940 (9 bytes)
1728329245.198196 sending message 112 to peer 0x5563eaff2940 (10 bytes)
1728329245.198200 sending message 112 to peer 0x5563eaff2940 (10 bytes)
1728329245.198204 sending message 112 to peer 0x5563eaff2940 (10 bytes)
1728329245.198212 sending message 112 to peer 0x5563eaff2940 (10 bytes)
1728329245.198216 sending message 112 to peer 0x5563eaff2940 (11 bytes)
1728329245.198220 sending message 112 to peer 0x5563eaff2940 (12 bytes)
1728329245.198224 sending message 112 to peer 0x5563eaff2940 (12 bytes)
1728329245.198228 sending message 112 to peer 0x5563eaff2940 (12 bytes)
1728329245.198232 sending message 112 to peer 0x5563eaff2940 (12 bytes)
1728329245.198236 sending message 112 to peer 0x5563eaff2940 (12 bytes)
1728329245.198240 sending message 112 to peer 0x5563eaff2940 (11 bytes)
1728329245.198244 sending message 112 to peer 0x5563eaff2940 (11 bytes)
1728329245.198247 sending message 112 to peer 0x5563eaff2940 (12 bytes)
1728329245.198251 sending message 112 to peer 0x5563eaff2940 (12 bytes)
1728329245.198255 sending message 112 to peer 0x5563eaff2940 (12 bytes)
1728329245.198259 sending message 112 to peer 0x5563eaff2940 (12 bytes)
1728329245.198263 sending message 112 to peer 0x5563eaff2940 (12 bytes)
1728329245.198267 sending message 112 to peer 0x5563eaff2940 (9 bytes)
1728329245.198271 sending message 112 to peer 0x5563eaff2940 (12 bytes)
1728329245.198275 sending message 112 to peer 0x5563eaff2940 (13 bytes)
1728329245.198279 sending message 112 to peer 0x5563eaff2940 (13 bytes)
1728329245.198283 sending message 112 to peer 0x5563eaff2940 (13 bytes)
1728329245.198286 sending message 112 to peer 0x5563eaff2940 (13 bytes)
1728329245.198290 sending message 112 to peer 0x5563eaff2940 (13 bytes)
1728329245.198294 sending message 112 to peer 0x5563eaff2940 (8 bytes)
1728329245.198298 sending message 112 to peer 0x5563eaff2940 (11 bytes)
1728329245.198302 sending message 112 to peer 0x5563eaff2940 (11 bytes)
1728329245.198306 sending message 112 to peer 0x5563eaff2940 (11 bytes)
1728329245.198310 sending message 112 to peer 0x5563eaff2940 (12 bytes)
1728329245.198314 sending message 112 to peer 0x5563eaff2940 (12 bytes)
1728329245.198317 sending message 112 to peer 0x5563eaff2940 (12 bytes)
1728329245.198321 sending message 112 to peer 0x5563eaff2940 (12 bytes)
1728329245.198325 sending message 112 to peer 0x5563eaff2940 (13 bytes)
1728329245.198329 sending message 112 to peer 0x5563eaff2940 (13 bytes)
1728329245.198333 sending message 112 to peer 0x5563eaff2940 (13 bytes)
1728329245.198337 sending message 112 to peer 0x5563eaff2940 (8 bytes)
1728329245.198341 sending message 112 to peer 0x5563eaff2940 (13 bytes)
1728329245.198345 sending message 112 to peer 0x5563eaff2940 (13 bytes)
1728329245.198349 sending message 112 to peer 0x5563eaff2940 (13 bytes)
1728329245.198352 sending message 112 to peer 0x5563eaff2940 (13 bytes)
1728329245.198356 sending message 112 to peer 0x5563eaff2940 (13 bytes)
1728329245.198360 sending message 112 to peer 0x5563eaff2940 (12 bytes)
1728329245.198364 sending message 112 to peer 0x5563eaff2940 (12 bytes)
1728329245.198368 sending message 112 to peer 0x5563eaff2940 (12 bytes)
1728329245.198372 sending message 112 to peer 0x5563eaff2940 (12 bytes)
1728329245.198376 sending message 112 to peer 0x5563eaff2940 (13 bytes)
1728329245.198380 sending message 112 to peer 0x5563eaff2940 (8 bytes)
1728329245.198384 sending message 112 to peer 0x5563eaff2940 (13 bytes)
1728329245.198388 sending message 112 to peer 0x5563eaff2940 (13 bytes)
1728329245.198391 sending message 112 to peer 0x5563eaff2940 (13 bytes)
1728329245.198395 sending message 112 to peer 0x5563eaff2940 (13 bytes)
1728329245.198399 sending message 112 to peer 0x5563eaff2940 (13 bytes)
1728329245.198403 sending message 112 to peer 0x5563eaff2940 (13 bytes)
1728329245.198407 sending message 112 to peer 0x5563eaff2940 (13 bytes)
1728329245.198411 sending message 112 to peer 0x5563eaff2940 (12 bytes)
1728329245.198415 sending message 112 to peer 0x5563eaff2940 (12 bytes)
1728329245.198419 sending message 112 to peer 0x5563eaff2940 (12 bytes)
1728329245.198423 sending message 112 to peer 0x5563eaff2940 (8 bytes)
1728329245.198426 sending message 112 to peer 0x5563eaff2940 (12 bytes)
1728329245.198430 sending message 112 to peer 0x5563eaff2940 (13 bytes)
1728329245.198437 sending message 112 to peer 0x5563eaff2940 (13 bytes)
1728329245.198440 sending message 112 to peer 0x5563eaff2940 (13 bytes)
1728329245.198444 sending message 112 to peer 0x5563eaff2940 (13 bytes)
1728329245.198448 sending message 112 to peer 0x5563eaff2940 (13 bytes)
1728329245.198452 sending message 112 to peer 0x5563eaff2940 (13 bytes)
1728329245.198456 sending message 112 to peer 0x5563eaff2940 (13 bytes)
1728329245.198460 sending message 112 to peer 0x5563eaff2940 (13 bytes)
1728329245.198464 sending message 112 to peer 0x5563eaff2940 (12 bytes)
1728329245.198468 sending message 112 to peer 0x5563eaff2940 (10 bytes)
1728329245.198472 sending message 112 to peer 0x5563eaff2940 (12 bytes)
1728329245.198475 sending message 112 to peer 0x5563eaff2940 (12 bytes)
1728329245.198479 sending message 112 to peer 0x5563eaff2940 (12 bytes)
1728329245.198483 sending message 112 to peer 0x5563eaff2940 (13 bytes)
1728329245.198487 sending message 112 to peer 0x5563eaff2940 (13 bytes)
1728329245.198491 sending message 112 to peer 0x5563eaff2940 (13 bytes)
1728329245.198495 sending message 112 to peer 0x5563eaff2940 (13 bytes)
1728329245.198499 sending message 112 to peer 0x5563eaff2940 (13 bytes)
1728329245.198503 sending message 112 to peer 0x5563eaff2940 (13 bytes)
1728329245.198507 sending message 112 to peer 0x5563eaff2940 (13 bytes)
1728329245.198510 sending message 112 to peer 0x5563eaff2940 (10 bytes)
1728329245.198514 sending message 112 to peer 0x5563eaff2940 (13 bytes)
1728329245.198518 sending message 112 to peer 0x5563eaff2940 (12 bytes)
1728329245.198522 sending message 112 to peer 0x5563eaff2940 (12 bytes)
1728329245.198526 sending message 112 to peer 0x5563eaff2940 (12 bytes)
1728329245.198530 sending message 112 to peer 0x5563eaff2940 (10 bytes)
1728329245.198534 sending message 112 to peer 0x5563eaff2940 (10 bytes)
1728329245.198538 sending message 112 to peer 0x5563eaff2940 (10 bytes)
1728329245.198542 sending message 112 to peer 0x5563eaff2940 (12 bytes)
1728329245.198545 sending message 112 to peer 0x5563eaff2940 (13 bytes)
1728329245.198549 sending message 112 to peer 0x5563eaff2940 (13 bytes)
1728329245.198553 sending message 112 to peer 0x5563eaff2940 (13 bytes)
1728329245.198557 sending message 112 to peer 0x5563eaff2940 (13 bytes)
1728329245.198561 sending message 112 to peer 0x5563eaff2940 (13 bytes)
1728329245.198565 sending message 112 to peer 0x5563eaff2940 (10 bytes)
1728329245.198569 sending message 112 to peer 0x5563eaff2940 (11 bytes)
1728329245.198573 sending message 112 to peer 0x5563eaff2940 (12 bytes)
1728329245.198576 sending message 112 to peer 0x5563eaff2940 (12 bytes)
1728329245.198580 sending message 112 to peer 0x5563eaff2940 (12 bytes)
1728329245.198584 sending message 112 to peer 0x5563eaff2940 (12 bytes)
1728329245.198588 sending message 112 to peer 0x5563eaff2940 (12 bytes)
1728329245.198592 sending message 112 to peer 0x5563eaff2940 (11 bytes)
1728329245.198596 sending message 112 to peer 0x5563eaff2940 (12 bytes)
1728329245.198600 sending message 112 to peer 0x5563eaff2940 (12 bytes)
1728329245.198604 sending message 112 to peer 0x5563eaff2940 (13 bytes)
1728329245.198608 sending message 112 to peer 0x5563eaff2940 (13 bytes)
1728329245.198612 sending message 112 to peer 0x5563eaff2940 (13 bytes)
1728329245.198616 sending message 112 to peer 0x5563eaff2940 (13 bytes)
1728329245.198619 sending message 112 to peer 0x5563eaff2940 (13 bytes)
1728329245.198623 sending message 112 to peer 0x5563eaff2940 (10 bytes)
1728329245.198627 sending message 112 to peer 0x5563eaff2940 (9 bytes)
1728329245.198631 sending message 112 to peer 0x5563eaff2940 (12 bytes)
1728329245.198635 sending message 112 to peer 0x5563eaff2940 (13 bytes)
1728329245.198639 sending message 112 to peer 0x5563eaff2940 (13 bytes)
1728329245.198643 sending message 112 to peer 0x5563eaff2940 (13 bytes)
1728329245.198647 sending message 112 to peer 0x5563eaff2940 (13 bytes)
1728329245.198651 sending message 112 to peer 0x5563eaff2940 (13 bytes)
1728329245.198657 sending message 112 to peer 0x5563eaff2940 (9 bytes)
1728329245.198661 sending message 112 to peer 0x5563eaff2940 (12 bytes)
1728329245.198665 sending message 112 to peer 0x5563eaff2940 (13 bytes)
1728329245.198669 sending message 112 to peer 0x5563eaff2940 (13 bytes)
1728329245.198673 sending message 112 to peer 0x5563eaff2940 (13 bytes)
1728329245.198676 sending message 112 to peer 0x5563eaff2940 (13 bytes)
1728329245.198680 sending message 112 to peer 0x5563eaff2940 (13 bytes)
1728329245.198684 sending message 112 to peer 0x5563eaff2940 (11 bytes)
1728329245.198688 sending message 112 to peer 0x5563eaff2940 (12 bytes)
1728329245.198692 sending message 112 to peer 0x5563eaff2940 (13 bytes)
1728329245.198696 sending message 112 to peer 0x5563eaff2940 (13 bytes)
1728329245.198700 sending message 112 to peer 0x5563eaff2940 (13 bytes)
1728329245.198704 sending message 112 to peer 0x5563eaff2940 (13 bytes)
1728329245.198708 sending message 112 to peer 0x5563eaff2940 (13 bytes)
1728329245.198712 sending message 112 to peer 0x5563eaff2940 (11 bytes)
1728329245.198716 sending message 112 to peer 0x5563eaff2940 (12 bytes)
1728329245.198720 sending message 112 to peer 0x5563eaff2940 (12 bytes)
1728329245.198724 sending message 112 to peer 0x5563eaff2940 (12 bytes)
1728329245.198728 sending message 112 to peer 0x5563eaff2940 (12 bytes)
1728329245.198732 sending message 112 to peer 0x5563eaff2940 (12 bytes)
1728329245.198736 sending message 112 to peer 0x5563eaff2940 (21 bytes)
1728329245.198740 sending message 112 to peer 0x5563eaff2940 (12 bytes)
1728329245.198744 sending message 112 to peer 0x5563eaff2940 (9 bytes)
1728329245.198748 sending message 112 to peer 0x5563eaff2940 (6 bytes)
1728329245.198752 sending message 112 to peer 0x5563eaff2940 (13 bytes)
1728329245.198756 sending message 112 to peer 0x5563eaff2940 (10 bytes)
1728329245.198760 sending message 112 to peer 0x5563eaff2940 (24 bytes)
1728329245.198764 sending message 112 to peer 0x5563eaff2940 (13 bytes)
1728329245.198768 sending message 112 to peer 0x5563eaff2940 (9 bytes)
1728329245.198772 sending message 112 to peer 0x5563eaff2940 (70 bytes)
1728329245.198776 sending message 112 to peer 0x5563eaff2940 (69 bytes)
1728329245.198780 sending message 112 to peer 0x5563eaff2940 (12 bytes)
1728329245.198784 sending message 112 to peer 0x5563eaff2940 (10 bytes)
1728329245.198788 sending message 112 to peer 0x5563eaff2940 (10 bytes)
1728329245.198792 sending message 112 to peer 0x5563eaff2940 (24 bytes)
1728329245.198796 sending message 112 to peer 0x5563eaff2940 (13 bytes)
1728329245.198800 sending message 112 to peer 0x5563eaff2940 (10 bytes)
1728329245.198804 sending message 112 to peer 0x5563eaff2940 (10 bytes)
1728329245.198808 sending message 112 to peer 0x5563eaff2940 (10 bytes)
1728329245.198812 sending message 112 to peer 0x5563eaff2940 (13 bytes)
1728329245.198816 sending message 112 to peer 0x5563eaff2940 (15 bytes)
1728329245.198820 sending message 112 to peer 0x5563eaff2940 (5 bytes)
1728329245.198824 sending message 104 to peer 0x5563eaff2940 (0 bytes)
1728329245.198829 sending message 110 to peer 0x5563eaff2940 (0 bytes)
1728329245.198833 sending message 107 to peer 0x5563eaff2940 (4 bytes)
1728329245.198837 sending message 105 to peer 0x5563eaff2940 (31 bytes)
1728329245.198841 sending message 105 to peer 0x5563eaff2940 (12 bytes)
1728329245.198845 sending message 105 to peer 0x5563eaff2940 (23 bytes)
1728329245.198849 sending message 105 to peer 0x5563eaff2940 (15 bytes)
1728329245.198853 sending message 105 to peer 0x5563eaff2940 (26 bytes)
1728329245.198857 sending message 105 to peer 0x5563eaff2940 (50 bytes)
1728329245.198861 sending message 105 to peer 0x5563eaff2940 (43 bytes)
1728329245.198865 sending message 105 to peer 0x5563eaff2940 (56 bytes)
1728329245.198869 sending message 105 to peer 0x5563eaff2940 (59 bytes)
1728329245.198873 sending message 105 to peer 0x5563eaff2940 (86 bytes)
1728329245.198877 sending message 105 to peer 0x5563eaff2940 (17 bytes)
1728329245.198881 sending message 105 to peer 0x5563eaff2940 (8 bytes)
1728329245.198887 sending message 105 to peer 0x5563eaff2940 (35 bytes)
1728329245.198892 sending message 105 to peer 0x5563eaff2940 (17 bytes)
1728329245.198895 sending message 105 to peer 0x5563eaff2940 (32 bytes)
1728329245.198900 sending message 105 to peer 0x5563eaff2940 (1421 bytes)
1728329245.198913 sending message 105 to peer 0x5563eaff2940 (30 bytes)
1728329245.198918 sending message 105 to peer 0x5563eaff2940 (60 bytes)
1728329245.198922 sending message 105 to peer 0x5563eaff2940 (16 bytes)
1728329245.198926 sending message 105 to peer 0x5563eaff2940 (34 bytes)
1728329245.198930 sending message 105 to peer 0x5563eaff2940 (69 bytes)
1728329245.198934 sending message 105 to peer 0x5563eaff2940 (11 bytes)
1728329245.198938 sending message 105 to peer 0x5563eaff2940 (757 bytes)
1728329245.198942 sending message 105 to peer 0x5563eaff2940 (38 bytes)
1728329245.198946 sending message 105 to peer 0x5563eaff2940 (15 bytes)
1728329245.198950 sending message 105 to peer 0x5563eaff2940 (8 bytes)
1728329245.198954 sending message 105 to peer 0x5563eaff2940 (35 bytes)
1728329245.198958 sending message 105 to peer 0x5563eaff2940 (53 bytes)
1728329245.198962 sending message 105 to peer 0x5563eaff2940 (19 bytes)
1728329245.198966 sending message 105 to peer 0x5563eaff2940 (20 bytes)
1728329245.198970 sending message 105 to peer 0x5563eaff2940 (18 bytes)
1728329245.198974 sending message 105 to peer 0x5563eaff2940 (25 bytes)
1728329245.198978 sending message 105 to peer 0x5563eaff2940 (39 bytes)
1728329245.198982 sending message 105 to peer 0x5563eaff2940 (13 bytes)
1728329245.198986 sending message 105 to peer 0x5563eaff2940 (61 bytes)
1728329245.198990 sending message 105 to peer 0x5563eaff2940 (14 bytes)
1728329245.198994 sending message 105 to peer 0x5563eaff2940 (12 bytes)
1728329245.198998 sending message 105 to peer 0x5563eaff2940 (34 bytes)
1728329245.199001 sending message 105 to peer 0x5563eaff2940 (19 bytes)
1728329245.199005 sending message 105 to peer 0x5563eaff2940 (36 bytes)
1728329245.199009 sending message 105 to peer 0x5563eaff2940 (38 bytes)
1728329245.199013 sending message 105 to peer 0x5563eaff2940 (115 bytes)
1728329245.199018 sending message 105 to peer 0x5563eaff2940 (70 bytes)
1728329245.199022 sending message 105 to peer 0x5563eaff2940 (38 bytes)
1728329245.199026 sending message 106 to peer 0x5563eaff2940 (0 bytes)
1728329245.199066 sending message 200 to peer 0x5563eaff2940 (4 bytes)
1728329245.199071 client loop enter
1728329245.201024 peer 0x5563eaff2940 message 303
1728329245.201033 open write file 2 -
1728329245.201048 sending message 305 to peer 0x5563eaff2940 (8 bytes)
1728329245.201059 write check file 2
1728329245.201160 peer 0x5563eaff2940 message 304
1728329245.201165 write 58 to file 2
1728329245.201173 peer 0x5563eaff2940 message 203
1728329245.201177 file 2 58 bytes left
1728329245.201195 write check file 2
1728329245.201199 client loop exit
